<?xml version="1.0" encoding="UTF-8"?>
<!-- Generated by org.testng.reporters.JUnitXMLReporter -->
<testsuite ignored="3" hostname="DESKTOP-QMJ8CN1" failures="0" tests="2" name="Test" time="10.429" errors="0" timestamp="2022-05-25T15:01:11 IST">
  <testcase classname="testju.verifyorangehrm" name="OpenBrowser" time="10.322"/>
  <testcase classname="testju.verifyorangehrm" name="ValidateLoginpage" time="0.023"/>
  <testcase classname="testju.verifyorangehrm" name="closebrowser" time="0.0">
    <ignored/>
  </testcase> <!-- closebrowser -->
  <testcase classname="testju.verifyorangehrm" name="VerifySuccesfullLogin" time="0.0">
    <ignored/>
  </testcase> <!-- VerifySuccesfullLogin -->
  <testcase classname="testju.verifyorangehrm" name="loginWithValidCredentails" time="0.0">
    <ignored/>
  </testcase> <!-- loginWithValidCredentails -->
</testsuite> <!-- Test -->
