<?xml version="1.0" encoding="UTF-8"?>
<!-- Generated by org.testng.reporters.JUnitXMLReporter -->
<testsuite ignored="0" hostname="DESKTOP-QMJ8CN1" failures="0" tests="4" name="Smoketesting" time="13.482" errors="0" timestamp="2022-05-24T16:52:02 IST">
  <testcase classname="seleniumauto.checkit" name="matching" time="0.021"/>
  <testcase classname="seleniumauto.NewTest" name="comparison" time="0.021"/>
  <testcase classname="seleniumauto.checkit" name="verifytitle" time="9.244"/>
  <testcase classname="seleniumauto.NewTest" name="verifyit" time="13.362"/>
</testsuite> <!-- Smoketesting -->
