<?xml version="1.0" encoding="UTF-8"?>
<!-- Generated by org.testng.reporters.JUnitXMLReporter -->
<testsuite ignored="2" hostname="DESKTOP-QMJ8CN1" failures="1" tests="1" name="FunctionalTest" time="0.015" errors="0" timestamp="2022-05-24T18:35:54 IST">
  <testcase classname="testju.verifyorangehrm" name="loginWithValidCredentails" time="0.003">
    <failure type="java.lang.NullPointerException" message="Cannot invoke &amp;quot;org.openqa.selenium.WebDriver.findElement(org.openqa.selenium.By)&amp;quot; because &amp;quot;this.driver&amp;quot; is null">
      <![CDATA[java.lang.NullPointerException: Cannot invoke "org.openqa.selenium.WebDriver.findElement(org.openqa.selenium.By)" because "this.driver" is null
at testju.verifyorangehrm.loginWithValidCredentails(verifyorangehrm.java:29)
at java.base/java.util.ArrayList.forEach(ArrayList.java:1511)
... Removed 27 stack frames]]>
    </failure>
  </testcase> <!-- loginWithValidCredentails -->
  <testcase classname="testju.verifyorangehrm" name="ValidateLoginpage" time="0.0">
    <ignored/>
  </testcase> <!-- ValidateLoginpage -->
  <testcase classname="testju.verifyorangehrm" name="OpenBrowser" time="0.0">
    <ignored/>
  </testcase> <!-- OpenBrowser -->
</testsuite> <!-- FunctionalTest -->
