<?xml version="1.0" encoding="UTF-8"?>
<!-- Generated by org.testng.reporters.JUnitXMLReporter -->
<testsuite ignored="3" hostname="DESKTOP-QMJ8CN1" failures="0" tests="0" time="0.006" errors="0" timestamp="2022-05-24T18:35:54 IST">
  <testcase classname="testju.verifyorangehrm" name="ValidateLoginpage" time="0.0">
    <ignored/>
  </testcase> <!-- ValidateLoginpage -->
  <testcase classname="testju.verifyorangehrm" name="OpenBrowser" time="0.0">
    <ignored/>
  </testcase> <!-- OpenBrowser -->
  <testcase classname="testju.verifyorangehrm" name="loginWithValidCredentails" time="0.0">
    <ignored/>
  </testcase> <!-- loginWithValidCredentails -->
</testsuite>
