<?xml version="1.0" encoding="UTF-8"?>
<!-- Generated by org.testng.reporters.JUnitXMLReporter -->
<testsuite ignored="1" hostname="DESKTOP-QMJ8CN1" failures="0" tests="2" name="SmokeTest" time="9.674" errors="0" timestamp="2022-05-24T18:35:54 IST">
  <testcase classname="testju.verifyorangehrm" name="OpenBrowser" time="9.578"/>
  <testcase classname="testju.verifyorangehrm" name="ValidateLoginpage" time="0.023"/>
  <testcase classname="testju.verifyorangehrm" name="loginWithValidCredentails" time="0.0">
    <ignored/>
  </testcase> <!-- loginWithValidCredentails -->
</testsuite> <!-- SmokeTest -->
